"tei:Abbr"
"tei:AccMat"
"tei:Add"
"tei:AddrLine"
"tei:Address"
"tei:AltIdentifier"
"tei:Body"
"tei:Change"
"tei:Choice"
"tei:Closer"
"tei:CorrespAction"
"tei:CorrespDesc"
"tei:Country"
"tei:Date"
"tei:Dateline"
"tei:DecoDesc"
"tei:DecoNote"
"tei:Del"
"tei:Div"
"tei:Editor"
"tei:Expan"
"tei:Facsimile"
"tei:FileDesc"
"tei:Graphic"
"tei:Hi"
"tei:Idno"
"tei:Institution"
"tei:Lb"
"tei:MsDesc"
"tei:MsIdentifier"
"tei:Name"
"tei:Note"
"tei:ObjectDesc"
"tei:Opener"
"tei:Orig"
"tei:P"
"tei:PhysDesc"
"tei:PlaceName"
"tei:Postmark"
"tei:Postscript"
"tei:ProfileDesc"
"tei:Ptr"
"tei:PublicationStmt"
"tei:Ref"
"tei:Reg"
"tei:RevisionDesc"
"tei:Rs"
"tei:Salute"
"tei:Settlement"
"tei:Signed"
"tei:SourceDesc"
"tei:Space"
"tei:Sponsor"
"tei:Surface"
"tei:TeiHeader"
"tei:Text"
"tei:Title"
"tei:TitleStmt"
"tei:Unclear"
"tei:Zone"
"tt:Chunk"
"tt:Folder"
"tt:Letter"
"tt:Page"
"tt:Sentence"
